Flow report for UART_Quartus_Proj
Wed Apr 16 09:59:47 2025
Quartus Prime Version 20.1.1 Build 720 11/11/2020 SJ Lite Edition


---------------------
; Table of Contents ;
---------------------
  1. Legal Notice
  2. Flow Summary
  3. Flow Settings
  4. Flow Non-Default Global Settings
  5. Flow Elapsed Time
  6. Flow OS Summary
  7. Flow Log
  8. Flow Messages
  9. Flow Suppressed Messages



----------------
; Legal Notice ;
----------------
Copyright (C) 2020  Intel Corporation. All rights reserved.
Your use of Intel Corporation's design tools, logic functions 
and other software and tools, and any partner logic 
functions, and any output files from any of the foregoing 
(including device programming or simulation files), and any 
associated documentation or information are expressly subject 
to the terms and conditions of the Intel Program License 
Subscription Agreement, the Intel Quartus Prime License Agreement,
the Intel FPGA IP License Agreement, or other applicable license
agreement, including, without limitation, that your use is for
the sole purpose of programming logic devices manufactured by
Intel and sold by Intel or its authorized distributors.  Please
refer to the applicable agreement for further details, at
https://fpgasoftware.intel.com/eula.



+----------------------------------------------------------------------------------+
; Flow Summary                                                                     ;
+------------------------------------+---------------------------------------------+
; Flow Status                        ; Successful - Wed Apr 16 09:59:47 2025       ;
; Quartus Prime Version              ; 20.1.1 Build 720 11/11/2020 SJ Lite Edition ;
; Revision Name                      ; UART_Quartus_Proj                           ;
; Top-level Entity Name              ; UART_Tx_toplevel                            ;
; Family                             ; MAX 10                                      ;
; Device                             ; 10M50DAF484C6GES                            ;
; Timing Models                      ; Preliminary                                 ;
; Total logic elements               ; 71 / 49,760 ( < 1 % )                       ;
;     Total combinational functions  ; 71 / 49,760 ( < 1 % )                       ;
;     Dedicated logic registers      ; 29 / 49,760 ( < 1 % )                       ;
; Total registers                    ; 29                                          ;
; Total pins                         ; 27 / 360 ( 8 % )                            ;
; Total virtual pins                 ; 0                                           ;
; Total memory bits                  ; 0 / 1,677,312 ( 0 % )                       ;
; Embedded Multiplier 9-bit elements ; 0 / 288 ( 0 % )                             ;
; Total PLLs                         ; 0 / 4 ( 0 % )                               ;
; UFM blocks                         ; 0 / 1 ( 0 % )                               ;
; ADC blocks                         ; 0 / 2 ( 0 % )                               ;
+------------------------------------+---------------------------------------------+


+-----------------------------------------+
; Flow Settings                           ;
+-------------------+---------------------+
; Option            ; Setting             ;
+-------------------+---------------------+
; Start date & time ; 04/16/2025 09:59:32 ;
; Main task         ; Compilation         ;
; Revision Name     ; UART_Quartus_Proj   ;
+-------------------+---------------------+


+---------------------------------------------------------------------------------------------------------------------------------------------------------+
; Flow Non-Default Global Settings                                                                                                                        ;
+-------------------------------------+----------------------------------------+-------------------+------------------+-----------------------------------+
; Assignment Name                     ; Value                                  ; Default Value     ; Entity Name      ; Section Id                        ;
+-------------------------------------+----------------------------------------+-------------------+------------------+-----------------------------------+
; COMPILER_SIGNATURE_ID               ; 237785199911924.174481197213948        ; --                ; --               ; --                                ;
; EDA_GENERATE_FUNCTIONAL_NETLIST     ; Off                                    ; --                ; --               ; eda_board_design_timing           ;
; EDA_GENERATE_FUNCTIONAL_NETLIST     ; Off                                    ; --                ; --               ; eda_board_design_boundary_scan    ;
; EDA_GENERATE_FUNCTIONAL_NETLIST     ; Off                                    ; --                ; --               ; eda_board_design_signal_integrity ;
; EDA_GENERATE_FUNCTIONAL_NETLIST     ; Off                                    ; --                ; --               ; eda_board_design_symbol           ;
; EDA_OUTPUT_DATA_FORMAT              ; Systemverilog Hdl                      ; --                ; --               ; eda_simulation                    ;
; EDA_SIMULATION_TOOL                 ; ModelSim (SystemVerilog)               ; <None>            ; --               ; --                                ;
; EDA_TIME_SCALE                      ; 1 ps                                   ; --                ; --               ; eda_simulation                    ;
; MAX_CORE_JUNCTION_TEMP              ; 85                                     ; --                ; --               ; --                                ;
; MIN_CORE_JUNCTION_TEMP              ; 0                                      ; --                ; --               ; --                                ;
; OUTPUT_IO_TIMING_FAR_END_VMEAS      ; Half Signal Swing                      ; --                ; --               ; --                                ;
; OUTPUT_IO_TIMING_FAR_END_VMEAS      ; Half Signal Swing                      ; --                ; --               ; --                                ;
; OUTPUT_IO_TIMING_NEAR_END_VMEAS     ; Half Vccio                             ; --                ; --               ; --                                ;
; OUTPUT_IO_TIMING_NEAR_END_VMEAS     ; Half Vccio                             ; --                ; --               ; --                                ;
; PARTITION_COLOR                     ; -- (Not supported for targeted family) ; --                ; UART_Tx_toplevel ; Top                               ;
; PARTITION_FITTER_PRESERVATION_LEVEL ; -- (Not supported for targeted family) ; --                ; UART_Tx_toplevel ; Top                               ;
; PARTITION_NETLIST_TYPE              ; -- (Not supported for targeted family) ; --                ; UART_Tx_toplevel ; Top                               ;
; POWER_BOARD_THERMAL_MODEL           ; None (CONSERVATIVE)                    ; --                ; --               ; --                                ;
; POWER_PRESET_COOLING_SOLUTION       ; 23 MM HEAT SINK WITH 200 LFPM AIRFLOW  ; --                ; --               ; --                                ;
; PROJECT_OUTPUT_DIRECTORY            ; output_files                           ; --                ; --               ; --                                ;
; TOP_LEVEL_ENTITY                    ; UART_Tx_toplevel                       ; UART_Quartus_Proj ; --               ; --                                ;
+-------------------------------------+----------------------------------------+-------------------+------------------+-----------------------------------+


+--------------------------------------------------------------------------------------------------------------------------+
; Flow Elapsed Time                                                                                                        ;
+----------------------+--------------+-------------------------+---------------------+------------------------------------+
; Module Name          ; Elapsed Time ; Average Processors Used ; Peak Virtual Memory ; Total CPU Time (on all processors) ;
+----------------------+--------------+-------------------------+---------------------+------------------------------------+
; Analysis & Synthesis ; 00:00:04     ; 1.0                     ; 4835 MB             ; 00:00:02                           ;
; Fitter               ; 00:00:05     ; 1.1                     ; 6614 MB             ; 00:00:02                           ;
; Assembler            ; 00:00:01     ; 1.0                     ; 4689 MB             ; 00:00:01                           ;
; Timing Analyzer      ; 00:00:01     ; 1.1                     ; 4964 MB             ; 00:00:00                           ;
; EDA Netlist Writer   ; 00:00:00     ; 1.0                     ; 4646 MB             ; 00:00:00                           ;
; Total                ; 00:00:11     ; --                      ; --                  ; 00:00:05                           ;
+----------------------+--------------+-------------------------+---------------------+------------------------------------+


+------------------------------------------------------------------------------------+
; Flow OS Summary                                                                    ;
+----------------------+------------------+------------+------------+----------------+
; Module Name          ; Machine Hostname ; OS Name    ; OS Version ; Processor type ;
+----------------------+------------------+------------+------------+----------------+
; Analysis & Synthesis ; DESKTOP-VG1816S  ; Windows 10 ; 10.0       ; x86_64         ;
; Fitter               ; DESKTOP-VG1816S  ; Windows 10 ; 10.0       ; x86_64         ;
; Assembler            ; DESKTOP-VG1816S  ; Windows 10 ; 10.0       ; x86_64         ;
; Timing Analyzer      ; DESKTOP-VG1816S  ; Windows 10 ; 10.0       ; x86_64         ;
; EDA Netlist Writer   ; DESKTOP-VG1816S  ; Windows 10 ; 10.0       ; x86_64         ;
+----------------------+------------------+------------+------------+----------------+


------------
; Flow Log ;
------------
quartus_map --read_settings_files=on --write_settings_files=off UART_Quartus_Proj -c UART_Quartus_Proj
quartus_fit --read_settings_files=off --write_settings_files=off UART_Quartus_Proj -c UART_Quartus_Proj
quartus_asm --read_settings_files=off --write_settings_files=off UART_Quartus_Proj -c UART_Quartus_Proj
quartus_sta UART_Quartus_Proj -c UART_Quartus_Proj
quartus_eda --read_settings_files=off --write_settings_files=off UART_Quartus_Proj -c UART_Quartus_Proj



